app/build/outputs/mapping/release/seeds.txt
dev.phcode.test.twa.DelegationService
dev.phcode.test.twa.LauncherActivity
dev.phcode.test.twa.Application
dev.phcode.test.twa.Application: Application()
dev.phcode.test.twa.LauncherActivity: LauncherActivity()
dev.phcode.test.twa.DelegationService: DelegationService()
...
com.google.androidbrowserhelper.playbilling.provider.PaymentActivity
com.google.androidbrowserhelper.playbilling.provider.PaymentService
com.google.android.gms.internal.play_billing.zzex: com.google.android.gms.internal.play_billing.zzex[] values()
com.google.android.gms.internal.play_billing.zzfb: int zze
com.google.android.gms.internal.play_billing.zzak: int zza
com.android.billingclient.api.ProxyBillingActivity: ProxyBillingActivity()
androidx.core.app.RemoteActionCompat: RemoteActionCompat()
com.google.androidbrowserhelper.trusted.FocusActivity: FocusActivity()
android.support.v4.graphics.drawable.IconCompatParcelizer: androidx.core.graphics.drawable.IconCompat read(androidx.versionedparcelable.VersionedParcel)
com.google.android.gms.internal.play_billing.zzfs: java.lang.String zzf
android.support.v4.graphics.drawable.IconCompatParcelizer: void write(androidx.core.graphics.drawable.IconCompat,androidx.versionedparcelable.VersionedParcel)
com.google.android.gms.internal.play_billing.zzby: com.google.android.gms.internal.play_billing.zzbs zzb
com.google.androidbrowserhelper.playbilling.provider.PaymentService: PaymentService()
com.google.androidbrowserhelper.trusted.NotificationPermissionRequestActivity: NotificationPermissionRequestActivity()
androidx.core.graphics.drawable.IconCompatParcelizer
androidx.versionedparcelable.CustomVersionedParcelable: CustomVersionedParcelable()
com.google.androidbrowserhelper.playbilling.provider.PaymentActivity: PaymentActivity()
com.google.android.gms.internal.play_billing.zzff: int zzd
com.android.billingclient.api.ProxyBillingActivity
com.google.androidbrowserhelper.trusted.DelegationService: DelegationService()
androidx.lifecycle.CompositeGeneratedAdaptersObserver
com.google.android.gms.internal.play_billing.zzfm: com.google.android.gms.internal.play_billing.zzfm zzb
android.support.v4.app.RemoteActionCompatParcelizer: RemoteActionCompatParcelizer()
androidx.core.app.RemoteActionCompatParcelizer: void write(androidx.core.app.RemoteActionCompat,androidx.versionedparcelable.VersionedParcel)
com.google.android.gms.internal.play_billing.zzby
com.google.android.gms.internal.play_billing.zzfm: java.lang.String zze
com.google.androidbrowserhelper.trusted.WebViewFallbackActivity
androidx.core.app.RemoteActionCompatParcelizer: RemoteActionCompatParcelizer()
android.support.v4.app.RemoteActionCompatParcelizer: void write(androidx.core.app.RemoteActionCompat,androidx.versionedparcelable.VersionedParcel)
com.google.android.gms.internal.play_billing.zzcb: int zzd
com.google.android.gms.internal.play_billing.zzfj: com.google.android.gms.internal.play_billing.zzfj zzb
androidx.core.graphics.drawable.IconCompat: IconCompat()
androidx.core.app.CoreComponentFactory: CoreComponentFactory()
androidx.versionedparcelable.CustomVersionedParcelable
androidx.core.app.RemoteActionCompatParcelizer
com.google.android.gms.internal.play_billing.zzfm
com.google.android.gms.internal.play_billing.zzcj: com.google.android.gms.internal.play_billing.zzcj[] values()
com.google.android.gms.internal.play_billing.zzfb: com.google.android.gms.internal.play_billing.zzfb zzb
com.google.android.gms.internal.play_billing.zzcb: java.util.Map zzb
androidx.lifecycle.SingleGeneratedAdapterObserver
com.google.android.gms.internal.play_billing.zzfj
androidx.versionedparcelable.ParcelImpl
com.google.android.gms.internal.play_billing.zzfs: com.google.android.gms.internal.play_billing.zzfs zzb
com.google.android.gms.internal.play_billing.zzfj: int zze
com.google.android.gms.internal.play_billing.zzew: com.google.android.gms.internal.play_billing.zzew[] values()
com.google.android.gms.internal.play_billing.zzfm: java.lang.String zzf
androidx.core.graphics.drawable.IconCompatParcelizer: IconCompatParcelizer()
com.google.android.gms.internal.play_billing.zzfs
com.google.android.gms.internal.play_billing.zzfs: int zzd
androidx.core.content.FileProvider