app/build/outputs/mapping/release/mapping.txt
# compiler: R8
# compiler_version: 2.1.86
# min_api: 19
# pg_map_id: d59b646
# common_typos_disable
dev.phcode.test.twa.LauncherActivity -> dev.phcode.test.twa.LauncherActivity:
    android.net.Uri getLaunchingUrl() -> g
...
com.google.android.gms.internal.play_billing.zzcz -> c.a.a.a.a.a.w1:
    com.google.android.gms.internal.play_billing.zzcz zza -> b
    boolean zzb -> a
    com.google.android.gms.internal.play_billing.zzcz zza() -> a
    com.google.android.gms.internal.play_billing.zzcz zzb() -> c
    void zzc() -> d
    void zzd(com.google.android.gms.internal.play_billing.zzcz) -> e
    boolean zze() -> f
    int zzf(java.lang.Object) -> g
    void zzg() -> h
com.google.android.gms.internal.play_billing.zzd -> c.a.a.a.a.a.x1:
    com.google.android.gms.internal.play_billing.zze zzo(android.os.IBinder) -> I
com.google.android.gms.internal.play_billing.zzda -> c.a.a.a.a.a.y1:
    int zza(int,java.lang.Object,java.lang.Object) -> a
    java.lang.Object zzb(java.lang.Object,java.lang.Object) -> b
com.google.android.gms.internal.play_billing.zzdb -> c.a.a.a.a.a.z1:
    com.google.android.gms.internal.play_billing.zzda zza -> a
    com.google.android.gms.internal.play_billing.zzda zzb -> b
    com.google.android.gms.internal.play_billing.zzda zza() -> a
    com.google.android.gms.internal.play_billing.zzda zzb() -> b
com.google.android.gms.internal.play_billing.zzdc -> c.a.a.a.a.a.a2:
    boolean zzb() -> a
    com.google.android.gms.internal.play_billing.zzdf zza() -> b
    int zzc() -> c
com.google.android.gms.internal.play_billing.zzdd -> c.a.a.a.a.a.b2:
    com.google.android.gms.internal.play_billing.zzdc zzb(java.lang.Class) -> a
    boolean zzc(java.lang.Class) -> b
com.google.android.gms.internal.play_billing.zzde -> c.a.a.a.a.a.c2:
    com.google.android.gms.internal.play_billing.zzdf zze() -> b
com.google.android.gms.internal.play_billing.zzdf -> c.a.a.a.a.a.d2:
    com.google.android.gms.internal.play_billing.zzba zzb() -> a
    void zzq(com.google.android.gms.internal.play_billing.zzbi) -> c
    com.google.android.gms.internal.play_billing.zzde zzj() -> e
    int zzd() -> f
com.google.android.gms.internal.play_billing.zzdg -> c.a.a.a.a.a.e2:
    com.google.android.gms.internal.play_billing.zzdf zzf() -> d
com.google.android.gms.internal.play_billing.zzdh -> c.a.a.a.a.a.f2:
    char[] zza -> a
    java.lang.String zza(com.google.android.gms.internal.play_billing.zzdf,java.lang.String) -> a
    void zzb(java.lang.StringBuilder,int,java.lang.String,java.lang.Object) -> b
    void zzc(int,java.lang.StringBuilder) -> c
    void zzd(com.google.android.gms.internal.play_billing.zzdf,java.lang.StringBuilder,int) -> d
com.google.android.gms.internal.play_billing.zzdi -> c.a.a.a.a.a.g2:
    java.lang.Object[] zzd -> b
    int zzl -> j
    com.google.android.gms.internal.play_billing.zzeg zzn -> l
    int zzk -> i
    int zzf -> d
    int[] zzc -> a
    int zze -> c
    sun.misc.Unsafe zzb -> o
    int[] zzj -> h
    com.google.android.gms.internal.play_billing.zzct zzm -> k
    int[] zza -> n
    boolean zzh -> f
    boolean zzi -> g
    com.google.android.gms.internal.play_billing.zzbo zzo -> m
    com.google.android.gms.internal.play_billing.zzdf zzg -> e
    boolean zzR(java.lang.Object,int,com.google.android.gms.internal.play_billing.zzdp) -> A
    boolean zzS(java.lang.Object) -> B
    boolean zzT(java.lang.Object,int,int) -> C
    boolean zzU(java.lang.Object,long) -> D
    void zzV(int,java.lang.Object,com.google.android.gms.internal.play_billing.zzey) -> E
    int zzc(java.lang.Object,byte[],int,int,int,com.google.android.gms.internal.play_billing.zzan) -> F
    com.google.android.gms.internal.play_billing.zzeh zzd(java.lang.Object) -> G
    com.google.android.gms.internal.play_billing.zzdi zzl(java.lang.Class,com.google.android.gms.internal.play_billing.zzdc,com.google.android.gms.internal.play_billing.zzdk,com.google.android.gms.internal.play_billing.zzct,com.google.android.gms.internal.play_billing.zzeg,com.google.android.gms.internal.play_billing.zzbo,com.google.android.gms.internal.play_billing.zzda) -> H
    double zzm(java.lang.Object,long) -> I