app/build/outputs/mapping/release/usage.txt
dev.phcode.test.twa.R$drawable
dev.phcode.test.twa.R$mipmap
dev.phcode.test.twa.R$integer
dev.phcode.test.twa.R$string
dev.phcode.test.twa.R$color
dev.phcode.test.twa.R$raw
dev.phcode.test.twa.R$id
dev.phcode.test.twa.R$dimen
dev.phcode.test.twa.BuildConfig
dev.phcode.test.twa.R$xml
dev.phcode.test.twa.R
dev.phcode.test.twa.R$styleable
dev.phcode.test.twa.R$layout
dev.phcode.test.twa.R$attr
dev.phcode.test.twa.R$bool
dev.phcode.test.twa.R$style
...
com.google.androidbrowserhelper.trusted.NotificationUtils:
    private void <init>()
com.android.billingclient.api.zzak
com.android.billingclient.api.PurchaseHistoryRecord:
    public int getQuantity()
    public long getPurchaseTime()
    public java.lang.String getDeveloperPayload()
    public java.util.List getProducts()
com.google.androidbrowserhelper.R$integer
androidx.collection.LongSparseArray
com.google.androidbrowserhelper.playbilling.provider.BillingWrapperFactory:
    public void <init>()
    public static void setBillingWrapperForTesting(com.google.androidbrowserhelper.playbilling.provider.MockBillingWrapper)
androidx.core.view.NestedScrollingChild2
com.android.billingclient.api.BillingFlowParams:
    private void <init>()
    public static final java.lang.String EXTRA_PARAM_KEY_ACCOUNT_ID
androidx.annotation.InterpolatorRes
androidx.core.app.RemoteInput
androidx.core.view.ActionProvider$SubUiVisibilityListener
androidx.browser.trusted.PackageIdentityUtils:
    private void <init>()
    private static final java.lang.String TAG
androidx.core.app.NotificationCompatBuilder
androidx.collection.LruCache
androidx.annotation.RestrictTo
com.android.billingclient.api.zzbn
androidx.core.provider.FontsContractCompat$FontInfo
androidx.core.widget.NestedScrollView$SavedState
androidx.lifecycle.FullLifecycleObserverAdapter:
    void <init>(androidx.lifecycle.FullLifecycleObserver)
    public void onStateChanged(androidx.lifecycle.LifecycleOwner,androidx.lifecycle.Lifecycle$Event)
    private final androidx.lifecycle.FullLifecycleObserver mObserver
com.google.android.gms.internal.play_billing.zzaj:
    public abstract com.google.android.gms.internal.play_billing.zzaj zza()
    public synthetic bridge java.lang.Object clone()
androidx.annotation.RequiresFeature
androidx.core.content.ContentResolverCompat
androidx.interpolator.R
androidx.browser.browseractions.BrowserActionsIntent$BrowserActionsUrlType
androidx.core.os.ParcelCompat
androidx.core.view.ViewPropertyAnimatorUpdateListener
androidx.annotation.Px
androidx.interpolator.view.animation.LinearOutSlowInInterpolator
androidx.lifecycle.ReportFragment
androidx.core.R$id
com.google.androidbrowserhelper.playbilling.provider.PaymentVerifier:
    public void <init>()
com.google.androidbrowserhelper.playbilling.R
androidx.core.provider.FontsContractCompat$4$8
com.android.billingclient.api.BillingFlowParams$SubscriptionUpdateParams$Builder:
    private void <init>()
    public com.android.billingclient.api.BillingFlowParams$SubscriptionUpdateParams$Builder setOldPurchaseToken(java.lang.String)
    public com.android.billingclient.api.BillingFlowParams$SubscriptionUpdateParams$Builder setReplaceProrationMode(int)
androidx.browser.trusted.TrustedWebActivityDisplayMode:
    public static androidx.browser.trusted.TrustedWebActivityDisplayMode fromBundle(android.os.Bundle)
    public static final java.lang.String KEY_ID
androidx.core.content.PermissionChecker$PermissionResult
androidx.core.app.ActivityCompat$SharedElementCallback21Impl$1
android.support.v4.os.IResultReceiver$Stub$Proxy
androidx.core.app.NotificationManagerCompat$Task
androidx.core.os.ConfigurationCompat
androidx.core.util.Supplier
androidx.core.view.WindowCompat
androidx.concurrent.futures.AbstractResolvableFuture$SetFuture
com.google.android.gms.internal.play_billing.zzfq:
    static void <clinit>()
    static final synthetic int[] zza
com.android.billingclient.api.zzn:
    public final void zzd(android.content.Context)
androidx.browser.customtabs.CustomTabsService$Result
androidx.annotation.StringRes